  CheckersDetector.cpp
CheckersDetector.cpp(113): warning C4244: 'argument': conversion from 'double' to 'float', possible loss of data
CheckersDetector.cpp(115): warning C4244: 'initializing': conversion from '__int64' to 'int', possible loss of data
CheckersDetector.cpp(129): warning C4244: 'argument': conversion from 'float' to 'int', possible loss of data
CheckersDetector.cpp(131): warning C4244: 'argument': conversion from 'float' to 'int', possible loss of data
CheckersDetector.cpp(132): warning C4244: 'argument': conversion from 'float' to 'int', possible loss of data
CheckersDetector.cpp(163): warning C4244: 'argument': conversion from 'float' to 'int', possible loss of data
CheckersDetector.cpp(165): warning C4244: 'argument': conversion from 'float' to 'int', possible loss of data
CheckersDetector.cpp(183): warning C4267: 'initializing': conversion from 'size_t' to 'int', possible loss of data
CheckersDetector.cpp(218): warning C4244: 'initializing': conversion from 'double' to 'float', possible loss of data
CheckersDetector.cpp(219): warning C4244: 'initializing': conversion from 'double' to 'float', possible loss of data
CheckersDetector.cpp(311): warning C4101: 'e': unreferenced local variable
  Main.cpp
  Generating code
  311 of 720 functions (43.2%) were compiled, the rest were copied from previous compilation.
    252 functions were new in current compilation
    89 functions had inline decision re-evaluated but remain unchanged
  Finished generating code
  ProjectABTO.vcxproj -> D:\Mу projects new\ABTO_cv_ai_Course_chess\ProjectABTO\x64\Release_with_debug\ProjectABTO.exe
  ProjectABTO.vcxproj -> D:\Mу projects new\ABTO_cv_ai_Course_chess\ProjectABTO\x64\Release_with_debug\ProjectABTO.pdb (Full PDB)
